Command "daemon" is deprecated, and will be removed in Docker 1.16. Please run `dockerd` directly.
time="2017-11-06T12:48:42.660474051-02:00" level=warning msg="[!] DON'T BIND ON ANY IP ADDRESS WITHOUT setting -tlsverify IF YOU DON'T KNOW WHAT YOU'RE DOING [!]" 
time="2017-11-06T12:48:42.717198879-02:00" level=info msg="libcontainerd: new containerd process, pid: 5024" 
time="2017-11-06T12:48:43.130581053-02:00" level=warning msg="containerd: low RLIMIT_NOFILE changing to max" current=1024 max=4096 
time="2017-11-06T12:48:44.674452099-02:00" level=info msg="[graphdriver] using prior storage driver: aufs" 
time="2017-11-06T12:48:45.477506617-02:00" level=info msg="Graph migration to content-addressability took 0.00 seconds" 
time="2017-11-06T12:48:45.478225789-02:00" level=warning msg="Your kernel does not support swap memory limit" 
time="2017-11-06T12:48:45.478383676-02:00" level=warning msg="Your kernel does not support cgroup rt period" 
time="2017-11-06T12:48:45.478417660-02:00" level=warning msg="Your kernel does not support cgroup rt runtime" 
time="2017-11-06T12:48:45.496340182-02:00" level=info msg="Loading containers: start." 
time="2017-11-06T12:48:46.342801636-02:00" level=info msg="Firewalld running: false" 
time="2017-11-06T12:48:49.023794316-02:00" level=info msg="Default bridge (docker0) is assigned with an IP address 172.17.0.0/16. Daemon option --bip can be used to set a preferred IP address" 
time="2017-11-06T12:48:49.625182347-02:00" level=info msg="Loading containers: done." 
time="2017-11-06T12:48:49.658776531-02:00" level=warning msg="Couldn't run auplink before unmount /var/lib/docker/tmp/docker-aufs-union371305559: exec: \"auplink\": executable file not found in $PATH" 
time="2017-11-06T12:48:50.507994569-02:00" level=warning msg="failed to retrieve docker-init version: unknown output format: tini version 0.13.0\n" 
time="2017-11-06T12:48:50.521543171-02:00" level=info msg="Daemon has completed initialization" 
time="2017-11-06T12:48:50.521601427-02:00" level=info msg="Docker daemon" commit=092cba3 graphdriver=aufs version=1.13.1 
time="2017-11-06T12:48:50.621747866-02:00" level=info msg="API listen on /var/run/docker.sock" 
time="2017-11-06T12:48:50.623891534-02:00" level=info msg="API listen on [::]:2375" 
time="2017-11-06T14:16:56.886196747-02:00" level=warning msg="failed to retrieve docker-init version: unknown output format: tini version 0.13.0\n" 
time="2017-11-06T14:16:57.152969348-02:00" level=error msg="Handler for GET /v1.22/networks/project_default returned error: network project_default not found" 
time="2017-11-06T14:17:05.681277486-02:00" level=error msg="Handler for GET /v1.22/images/project_app/json returned error: No such image: project_app" 
time="2017-11-06T14:19:48.973269517-02:00" level=warning msg="Couldn't run auplink before unmount /var/lib/docker/aufs/mnt/1f8db22f3c7bff228b3f3a5d5c0f69e0cc99ea90f6c50fde9bc733e840ba478f-init: exec: \"auplink\": executable file not found in $PATH" 
time="2017-11-06T14:19:49.694039410-02:00" level=warning msg="Couldn't run auplink before unmount /var/lib/docker/aufs/mnt/1f8db22f3c7bff228b3f3a5d5c0f69e0cc99ea90f6c50fde9bc733e840ba478f: exec: \"auplink\": executable file not found in $PATH" 
time="2017-11-06T14:19:50.585451919-02:00" level=info msg="No non-localhost DNS nameservers are left in resolv.conf. Using default external servers: [nameserver 8.8.8.8 nameserver 8.8.4.4]" 
time="2017-11-06T14:19:50.585567517-02:00" level=info msg="IPv6 enabled; Adding default IPv6 external servers: [nameserver 2001:4860:4860::8888 nameserver 2001:4860:4860::8844]" 
time="2017-11-06T14:21:34.320191864-02:00" level=warning msg="Couldn't run auplink before unmount /var/lib/docker/aufs/mnt/1f8db22f3c7bff228b3f3a5d5c0f69e0cc99ea90f6c50fde9bc733e840ba478f: exec: \"auplink\": executable file not found in $PATH" 
time="2017-11-06T14:21:43.408285496-02:00" level=warning msg="Couldn't run auplink before unmount /var/lib/docker/aufs/mnt/1f8db22f3c7bff228b3f3a5d5c0f69e0cc99ea90f6c50fde9bc733e840ba478f: exec: \"auplink\": executable file not found in $PATH" 
time="2017-11-06T14:21:44.698585585-02:00" level=warning msg="Couldn't run auplink before unmount /var/lib/docker/aufs/mnt/6bd25f06a2874bd2ef03d38579dc90c231dd5dc6498bcaa920b3a5fd87ef8f1e-init: exec: \"auplink\": executable file not found in $PATH" 
time="2017-11-06T14:21:44.849377525-02:00" level=warning msg="Couldn't run auplink before unmount /var/lib/docker/aufs/mnt/6bd25f06a2874bd2ef03d38579dc90c231dd5dc6498bcaa920b3a5fd87ef8f1e: exec: \"auplink\": executable file not found in $PATH" 
time="2017-11-06T14:21:44.952071945-02:00" level=warning msg="Couldn't run auplink before unmount /var/lib/docker/aufs/mnt/6bd25f06a2874bd2ef03d38579dc90c231dd5dc6498bcaa920b3a5fd87ef8f1e: exec: \"auplink\": executable file not found in $PATH" 
time="2017-11-06T14:21:45.725482124-02:00" level=info msg="Layer sha256:4221424f06651f0b26528378fd7b011c76d633481a0a26e0d0f32e753ec55077 cleaned up" 
time="2017-11-06T14:21:45.728270751-02:00" level=warning msg="Couldn't run auplink before unmount /var/lib/docker/aufs/mnt/6bd25f06a2874bd2ef03d38579dc90c231dd5dc6498bcaa920b3a5fd87ef8f1e: exec: \"auplink\": executable file not found in $PATH" 
time="2017-11-06T14:21:52.258322222-02:00" level=error msg="Handler for GET /v1.22/images/project_web/json returned error: No such image: project_web" 
time="2017-11-06T14:25:34.108672732-02:00" level=warning msg="failed to retrieve docker-init version: unknown output format: tini version 0.13.0\n" 
time="2017-11-06T14:25:34.373589294-02:00" level=error msg="Handler for GET /v1.22/images/project_web/json returned error: No such image: project_web" 
time="2017-11-06T14:26:03.699668565-02:00" level=warning msg="Couldn't run auplink before unmount /var/lib/docker/aufs/mnt/2e2e066028d0819836d9a18ad55463ceff7c72cbf2567b2d4ffd58ad5731f8b6-init: exec: \"auplink\": executable file not found in $PATH" 
time="2017-11-06T14:26:04.958348543-02:00" level=warning msg="Couldn't run auplink before unmount /var/lib/docker/aufs/mnt/2e2e066028d0819836d9a18ad55463ceff7c72cbf2567b2d4ffd58ad5731f8b6: exec: \"auplink\": executable file not found in $PATH" 
time="2017-11-06T14:26:05.359264477-02:00" level=warning msg="Couldn't run auplink before unmount /var/lib/docker/aufs/mnt/2e2e066028d0819836d9a18ad55463ceff7c72cbf2567b2d4ffd58ad5731f8b6: exec: \"auplink\": executable file not found in $PATH" 
time="2017-11-06T14:26:05.550385975-02:00" level=warning msg="Couldn't run auplink before unmount /var/lib/docker/aufs/mnt/2e2e066028d0819836d9a18ad55463ceff7c72cbf2567b2d4ffd58ad5731f8b6: exec: \"auplink\": executable file not found in $PATH" 
time="2017-11-06T14:26:05.698021820-02:00" level=warning msg="Couldn't run auplink before unmount /var/lib/docker/aufs/mnt/3e00e1c6071a7a2e05e8ee232802bf6e087b44d1db3c291f201a86806afc8227-init: exec: \"auplink\": executable file not found in $PATH" 
time="2017-11-06T14:26:05.936599841-02:00" level=warning msg="Couldn't run auplink before unmount /var/lib/docker/aufs/mnt/3e00e1c6071a7a2e05e8ee232802bf6e087b44d1db3c291f201a86806afc8227: exec: \"auplink\": executable file not found in $PATH" 
time="2017-11-06T14:26:06.068262771-02:00" level=warning msg="Couldn't run auplink before unmount /var/lib/docker/aufs/mnt/3e00e1c6071a7a2e05e8ee232802bf6e087b44d1db3c291f201a86806afc8227: exec: \"auplink\": executable file not found in $PATH" 
time="2017-11-06T14:26:06.337145258-02:00" level=warning msg="Couldn't run auplink before unmount /var/lib/docker/aufs/mnt/3e00e1c6071a7a2e05e8ee232802bf6e087b44d1db3c291f201a86806afc8227: exec: \"auplink\": executable file not found in $PATH" 
time="2017-11-06T14:26:07.934187607-02:00" level=warning msg="Couldn't run auplink before unmount /var/lib/docker/aufs/mnt/00a2a29bef2bb1ac341113086078a21d8e6d23c29152e9328efba223871903df-init: exec: \"auplink\": executable file not found in $PATH" 
time="2017-11-06T14:26:08.172985373-02:00" level=warning msg="Couldn't run auplink before unmount /var/lib/docker/aufs/mnt/00a2a29bef2bb1ac341113086078a21d8e6d23c29152e9328efba223871903df: exec: \"auplink\": executable file not found in $PATH" 
time="2017-11-06T14:26:08.732236366-02:00" level=info msg="No non-localhost DNS nameservers are left in resolv.conf. Using default external servers: [nameserver 8.8.8.8 nameserver 8.8.4.4]" 
time="2017-11-06T14:26:08.732339414-02:00" level=info msg="IPv6 enabled; Adding default IPv6 external servers: [nameserver 2001:4860:4860::8888 nameserver 2001:4860:4860::8844]" 
time="2017-11-06T14:26:11-02:00" level=info msg="Firewalld running: false" 
time="2017-11-06T14:26:12.990254554-02:00" level=warning msg="Couldn't run auplink before unmount /var/lib/docker/aufs/mnt/007525a016d35c9a6937e05251791c1d686c9ed0db13fa95c552c5b5d6f1691c-init: exec: \"auplink\": executable file not found in $PATH" 
time="2017-11-06T14:26:14.478590776-02:00" level=warning msg="Couldn't run auplink before unmount /var/lib/docker/aufs/mnt/007525a016d35c9a6937e05251791c1d686c9ed0db13fa95c552c5b5d6f1691c: exec: \"auplink\": executable file not found in $PATH" 
time="2017-11-06T14:26:16.367938357-02:00" level=info msg="No non-localhost DNS nameservers are left in resolv.conf. Using default external servers: [nameserver 8.8.8.8 nameserver 8.8.4.4]" 
time="2017-11-06T14:26:16.391049674-02:00" level=info msg="IPv6 enabled; Adding default IPv6 external servers: [nameserver 2001:4860:4860::8888 nameserver 2001:4860:4860::8844]" 
time="2017-11-06T14:26:19-02:00" level=info msg="Firewalld running: false" 
time="2017-11-06T15:07:37.312824354-02:00" level=error msg="libcontainerd: failed to receive event from containerd: rpc error: code = 13 desc = transport is closing" 
time="2017-11-06T15:07:41.098916137-02:00" level=info msg="libcontainerd: new containerd process, pid: 11430" 
time="2017-11-06T15:07:43.772502511-02:00" level=info msg="libcontainerd: new containerd process, pid: 11435" 
time="2017-11-06T15:07:44.458325989-02:00" level=warning msg="containerd: low RLIMIT_NOFILE changing to max" current=1024 max=4096 
time="2017-11-06T15:07:45.932247334-02:00" level=info msg="libcontainerd: new containerd process, pid: 11442" 
time="2017-11-06T15:07:49.684984069-02:00" level=info msg="libcontainerd: new containerd process, pid: 11447" 
time="2017-11-06T15:07:51.674538134-02:00" level=info msg="libcontainerd: new containerd process, pid: 11451" 
time="2017-11-06T15:07:53.756622659-02:00" level=info msg="libcontainerd: new containerd process, pid: 11455" 
time="2017-11-06T15:07:55.268201176-02:00" level=info msg="libcontainerd: new containerd process, pid: 11459" 
time="2017-11-06T15:07:56.642915735-02:00" level=warning msg="containerd: low RLIMIT_NOFILE changing to max" current=1024 max=4096 
time="2017-11-06T15:08:00.698727949-02:00" level=error msg="libcontainerd: failed to receive event from containerd: rpc error: code = 13 desc = transport is closing" 
time="2017-11-06T15:08:01.710074682-02:00" level=info msg="libcontainerd: new containerd process, pid: 11466" 
time="2017-11-06T15:08:04.557693451-02:00" level=info msg="libcontainerd: new containerd process, pid: 11470" 
time="2017-11-06T15:08:07.857446523-02:00" level=info msg="libcontainerd: new containerd process, pid: 11474" 
time="2017-11-06T15:08:08.828150637-02:00" level=warning msg="containerd: low RLIMIT_NOFILE changing to max" current=1024 max=4096 
time="2017-11-06T15:08:11.492876823-02:00" level=info msg="libcontainerd: new containerd process, pid: 11481" 
time="2017-11-06T15:08:14.729138200-02:00" level=info msg="libcontainerd: new containerd process, pid: 11487" 
time="2017-11-06T15:08:15.737249270-02:00" level=info msg="libcontainerd: new containerd process, pid: 11491" 
time="2017-11-06T15:08:16.289340979-02:00" level=warning msg="containerd: low RLIMIT_NOFILE changing to max" current=1024 max=4096 
time="2017-11-06T15:08:17.912971126-02:00" level=info msg="libcontainerd: new containerd process, pid: 11498" 
time="2017-11-06T15:08:21.636176635-02:00" level=info msg="libcontainerd: new containerd process, pid: 11502" 
time="2017-11-06T15:08:23.651656027-02:00" level=info msg="libcontainerd: new containerd process, pid: 11507" 
time="2017-11-06T15:08:25.500637055-02:00" level=info msg="libcontainerd: new containerd process, pid: 11511" 
time="2017-11-06T15:08:28.119223456-02:00" level=info msg="libcontainerd: new containerd process, pid: 11515" 
time="2017-11-06T15:08:29.965809413-02:00" level=info msg="libcontainerd: new containerd process, pid: 11519" 
time="2017-11-06T15:08:31.588337620-02:00" level=info msg="libcontainerd: new containerd process, pid: 11522" 
time="2017-11-06T15:08:37.445225510-02:00" level=info msg="libcontainerd: new containerd process, pid: 11529" 
time="2017-11-06T15:08:40.702996357-02:00" level=info msg="libcontainerd: new containerd process, pid: 11533" 
time="2017-11-06T15:08:43.599512661-02:00" level=info msg="libcontainerd: new containerd process, pid: 11537" 
time="2017-11-06T15:08:45.173284880-02:00" level=info msg="libcontainerd: new containerd process, pid: 11538" 
time="2017-11-06T15:08:47.027091495-02:00" level=info msg="libcontainerd: new containerd process, pid: 11540" 
time="2017-11-06T15:08:53.541982478-02:00" level=info msg="libcontainerd: new containerd process, pid: 11544" 
time="2017-11-06T15:08:56.221055404-02:00" level=info msg="libcontainerd: new containerd process, pid: 11548" 
time="2017-11-06T15:08:58.180028035-02:00" level=info msg="libcontainerd: new containerd process, pid: 11552" 
time="2017-11-06T15:09:00.232364307-02:00" level=info msg="libcontainerd: new containerd process, pid: 11557" 
time="2017-11-06T15:09:01.378035014-02:00" level=warning msg="containerd: low RLIMIT_NOFILE changing to max" current=1024 max=4096 
time="2017-11-06T15:09:02.963574989-02:00" level=info msg="libcontainerd: new containerd process, pid: 11566" 
time="2017-11-06T15:09:04.653550847-02:00" level=info msg="libcontainerd: new containerd process, pid: 11571" 
time="2017-11-06T15:09:07.164685608-02:00" level=info msg="libcontainerd: new containerd process, pid: 11575" 
time="2017-11-06T15:09:08.881336891-02:00" level=info msg="libcontainerd: new containerd process, pid: 11578" 
time="2017-11-06T15:09:11.637969267-02:00" level=info msg="libcontainerd: new containerd process, pid: 11582" 
time="2017-11-06T15:09:13.325617088-02:00" level=info msg="libcontainerd: new containerd process, pid: 11586" 
time="2017-11-06T15:09:15.424706233-02:00" level=info msg="libcontainerd: new containerd process, pid: 11590" 
time="2017-11-06T15:09:18.704065560-02:00" level=info msg="libcontainerd: new containerd process, pid: 11594" 
time="2017-11-06T15:09:20.925662468-02:00" level=info msg="libcontainerd: new containerd process, pid: 11595" 
time="2017-11-06T15:09:25.061102643-02:00" level=info msg="libcontainerd: new containerd process, pid: 11599" 
time="2017-11-06T15:09:27.006019093-02:00" level=info msg="libcontainerd: new containerd process, pid: 11602" 
time="2017-11-06T15:09:28.286980788-02:00" level=warning msg="containerd: low RLIMIT_NOFILE changing to max" current=1024 max=4096 
time="2017-11-06T15:09:30.985936598-02:00" level=info msg="libcontainerd: new containerd process, pid: 11620" 
time="2017-11-06T15:09:34.221819023-02:00" level=info msg="libcontainerd: new containerd process, pid: 11624" 
time="2017-11-06T15:09:44.141486096-02:00" level=info msg="libcontainerd: new containerd process, pid: 11629" 
time="2017-11-06T15:09:47.346426697-02:00" level=info msg="libcontainerd: new containerd process, pid: 11632" 
time="2017-11-06T15:10:11.352911343-02:00" level=info msg="libcontainerd: new containerd process, pid: 11642" 
Command "daemon" is deprecated, and will be removed in Docker 1.16. Please run `dockerd` directly.
time="2017-11-06T15:27:30.311931983-02:00" level=warning msg="[!] DON'T BIND ON ANY IP ADDRESS WITHOUT setting -tlsverify IF YOU DON'T KNOW WHAT YOU'RE DOING [!]" 
time="2017-11-06T15:27:30.352552073-02:00" level=info msg="libcontainerd: new containerd process, pid: 1676" 
time="2017-11-06T15:27:30.711157915-02:00" level=warning msg="containerd: low RLIMIT_NOFILE changing to max" current=1024 max=4096 
time="2017-11-06T15:27:31.848187869-02:00" level=info msg="[graphdriver] using prior storage driver: aufs" 
time="2017-11-06T15:27:33.105055407-02:00" level=info msg="Graph migration to content-addressability took 0.00 seconds" 
time="2017-11-06T15:27:33.105718507-02:00" level=warning msg="Your kernel does not support swap memory limit" 
time="2017-11-06T15:27:33.105803213-02:00" level=warning msg="Your kernel does not support cgroup rt period" 
time="2017-11-06T15:27:33.105828752-02:00" level=warning msg="Your kernel does not support cgroup rt runtime" 
time="2017-11-06T15:27:33.127728318-02:00" level=info msg="Loading containers: start." 
time="2017-11-06T15:27:33.201870096-02:00" level=warning msg="libcontainerd: client is out of sync, restore was called on a fully synced container (6262c74f8a4cdd1a214ea1b93739190e0234dca20d576e05617e3b1e07e14004)." 
time="2017-11-06T15:27:33.202186573-02:00" level=warning msg="libcontainerd: failed to retrieve container 6262c74f8a4cdd1a214ea1b93739190e0234dca20d576e05617e3b1e07e14004 state: rpc error: code = 2 desc = containerd: container not found" 
time="2017-11-06T15:27:33.284847928-02:00" level=warning msg="failed to cleanup ipc mounts:\nfailed to umount /var/lib/docker/containers/6262c74f8a4cdd1a214ea1b93739190e0234dca20d576e05617e3b1e07e14004/shm: invalid argument" 
time="2017-11-06T15:27:33.341800145-02:00" level=warning msg="libcontainerd: client is out of sync, restore was called on a fully synced container (1cc36903723ae76e2be31631a581635e5fb679fd5d12c637a435a87a7b922d30)." 
time="2017-11-06T15:27:33.342701253-02:00" level=warning msg="libcontainerd: failed to retrieve container 1cc36903723ae76e2be31631a581635e5fb679fd5d12c637a435a87a7b922d30 state: rpc error: code = 2 desc = containerd: container not found" 
time="2017-11-06T15:27:33.342802518-02:00" level=warning msg="failed to cleanup ipc mounts:\nfailed to umount /var/lib/docker/containers/1cc36903723ae76e2be31631a581635e5fb679fd5d12c637a435a87a7b922d30/shm: invalid argument" 
time="2017-11-06T15:27:33.407966545-02:00" level=warning msg="Couldn't run auplink before unmount /var/lib/docker/tmp/docker-aufs-union897801848: exec: \"auplink\": executable file not found in $PATH" 
time="2017-11-06T15:27:33.623668725-02:00" level=warning msg="Couldn't run auplink before unmount /var/lib/docker/aufs/mnt/007525a016d35c9a6937e05251791c1d686c9ed0db13fa95c552c5b5d6f1691c: exec: \"auplink\": executable file not found in $PATH" 
time="2017-11-06T15:27:33.678129259-02:00" level=warning msg="Couldn't run auplink before unmount /var/lib/docker/aufs/mnt/00a2a29bef2bb1ac341113086078a21d8e6d23c29152e9328efba223871903df: exec: \"auplink\": executable file not found in $PATH" 
time="2017-11-06T15:27:34.028262534-02:00" level=info msg="Firewalld running: false" 
time="2017-11-06T15:27:35.293885403-02:00" level=info msg="Removing stale sandbox 1935731b3e4411423cd3e93203b0cef5068ec8bb62a1b531588c958864119a80 (1cc36903723ae76e2be31631a581635e5fb679fd5d12c637a435a87a7b922d30)" 
time="2017-11-06T15:27:35.403704173-02:00" level=info msg="Removing stale sandbox 861ea278dcd92bbd97d290a25a1446f9f9d8010ce661bdbd9695473979b7a6f2 (6262c74f8a4cdd1a214ea1b93739190e0234dca20d576e05617e3b1e07e14004)" 
time="2017-11-06T15:27:35.566503067-02:00" level=info msg="Default bridge (docker0) is assigned with an IP address 172.17.0.0/16. Daemon option --bip can be used to set a preferred IP address" 
time="2017-11-06T15:27:35.757153320-02:00" level=info msg="Loading containers: done." 
time="2017-11-06T15:27:36.002275896-02:00" level=warning msg="failed to retrieve docker-init version: unknown output format: tini version 0.13.0\n" 
time="2017-11-06T15:27:36.009392225-02:00" level=info msg="Daemon has completed initialization" 
time="2017-11-06T15:27:36.009460757-02:00" level=info msg="Docker daemon" commit=092cba3 graphdriver=aufs version=1.13.1 
time="2017-11-06T15:27:36.059541459-02:00" level=info msg="API listen on /var/run/docker.sock" 
time="2017-11-06T15:27:36.059868083-02:00" level=info msg="API listen on [::]:2375" 
Command "daemon" is deprecated, and will be removed in Docker 1.16. Please run `dockerd` directly.
Error starting daemon: pid file found, ensure docker is not running or delete /var/run/docker.pid
time="2017-11-06T15:30:50.691852203-02:00" level=warning msg="failed to retrieve docker-init version: unknown output format: tini version 0.13.0\n" 
time="2017-11-06T15:30:51.133121026-02:00" level=info msg="No non-localhost DNS nameservers are left in resolv.conf. Using default external servers: [nameserver 8.8.8.8 nameserver 8.8.4.4]" 
time="2017-11-06T15:30:51.137127366-02:00" level=info msg="IPv6 enabled; Adding default IPv6 external servers: [nameserver 2001:4860:4860::8888 nameserver 2001:4860:4860::8844]" 
time="2017-11-06T15:30:52-02:00" level=info msg="Firewalld running: false" 
time="2017-11-06T15:30:53.615686285-02:00" level=info msg="No non-localhost DNS nameservers are left in resolv.conf. Using default external servers: [nameserver 8.8.8.8 nameserver 8.8.4.4]" 
time="2017-11-06T15:30:53.615721393-02:00" level=info msg="IPv6 enabled; Adding default IPv6 external servers: [nameserver 2001:4860:4860::8888 nameserver 2001:4860:4860::8844]" 
time="2017-11-06T15:30:54-02:00" level=info msg="Firewalld running: false" 
time="2017-11-06T15:36:12.313377833-02:00" level=warning msg="failed to retrieve docker-init version: unknown output format: tini version 0.13.0\n" 
time="2017-11-06T15:38:15.296612753-02:00" level=warning msg="failed to retrieve docker-init version: unknown output format: tini version 0.13.0\n" 
time="2017-11-06T15:40:27.758103178-02:00" level=warning msg="failed to retrieve docker-init version: unknown output format: tini version 0.13.0\n" 
time="2017-11-06T15:43:15.514284068-02:00" level=warning msg="failed to retrieve docker-init version: unknown output format: tini version 0.13.0\n" 
time="2017-11-06T15:45:07.690347776-02:00" level=warning msg="failed to retrieve docker-init version: unknown output format: tini version 0.13.0\n" 
time="2017-11-06T15:45:56.121296420-02:00" level=warning msg="Couldn't run auplink before unmount /var/lib/docker/aufs/mnt/00a2a29bef2bb1ac341113086078a21d8e6d23c29152e9328efba223871903df: exec: \"auplink\": executable file not found in $PATH" 
time="2017-11-06T15:45:58.408797000-02:00" level=warning msg="Couldn't run auplink before unmount /var/lib/docker/aufs/mnt/007525a016d35c9a6937e05251791c1d686c9ed0db13fa95c552c5b5d6f1691c: exec: \"auplink\": executable file not found in $PATH" 
time="2017-11-06T15:46:03.034021918-02:00" level=warning msg="failed to retrieve docker-init version: unknown output format: tini version 0.13.0\n" 
time="2017-11-06T15:46:03.341839057-02:00" level=info msg="No non-localhost DNS nameservers are left in resolv.conf. Using default external servers: [nameserver 8.8.8.8 nameserver 8.8.4.4]" 
time="2017-11-06T15:46:03.342888195-02:00" level=info msg="IPv6 enabled; Adding default IPv6 external servers: [nameserver 2001:4860:4860::8888 nameserver 2001:4860:4860::8844]" 
time="2017-11-06T15:46:03-02:00" level=info msg="Firewalld running: false" 
time="2017-11-06T15:46:04.609283450-02:00" level=info msg="No non-localhost DNS nameservers are left in resolv.conf. Using default external servers: [nameserver 8.8.8.8 nameserver 8.8.4.4]" 
time="2017-11-06T15:46:04.609349974-02:00" level=info msg="IPv6 enabled; Adding default IPv6 external servers: [nameserver 2001:4860:4860::8888 nameserver 2001:4860:4860::8844]" 
time="2017-11-06T15:46:05-02:00" level=info msg="Firewalld running: false" 
Command "daemon" is deprecated, and will be removed in Docker 1.16. Please run `dockerd` directly.
time="2017-11-07T07:48:11.059261651-02:00" level=warning msg="[!] DON'T BIND ON ANY IP ADDRESS WITHOUT setting -tlsverify IF YOU DON'T KNOW WHAT YOU'RE DOING [!]" 
time="2017-11-07T07:48:11.134838915-02:00" level=info msg="libcontainerd: new containerd process, pid: 1459" 
time="2017-11-07T07:48:11.57429628-02:00" level=warning msg="containerd: low RLIMIT_NOFILE changing to max" current=1024 max=4096 
time="2017-11-07T07:48:12.761854769-02:00" level=info msg="[graphdriver] using prior storage driver: aufs" 
time="2017-11-07T07:48:14.394904491-02:00" level=info msg="Graph migration to content-addressability took 0.00 seconds" 
time="2017-11-07T07:48:14.395198664-02:00" level=warning msg="Your kernel does not support swap memory limit" 
time="2017-11-07T07:48:14.395253945-02:00" level=warning msg="Your kernel does not support cgroup rt period" 
time="2017-11-07T07:48:14.395279716-02:00" level=warning msg="Your kernel does not support cgroup rt runtime" 
time="2017-11-07T07:48:14.408721436-02:00" level=info msg="Loading containers: start." 
time="2017-11-07T07:48:14.591153982-02:00" level=warning msg="libcontainerd: client is out of sync, restore was called on a fully synced container (6262c74f8a4cdd1a214ea1b93739190e0234dca20d576e05617e3b1e07e14004)." 
time="2017-11-07T07:48:14.607579989-02:00" level=warning msg="libcontainerd: failed to retrieve container 6262c74f8a4cdd1a214ea1b93739190e0234dca20d576e05617e3b1e07e14004 state: rpc error: code = 2 desc = containerd: container not found" 
time="2017-11-07T07:48:14.610356841-02:00" level=warning msg="failed to cleanup ipc mounts:\nfailed to umount /var/lib/docker/containers/6262c74f8a4cdd1a214ea1b93739190e0234dca20d576e05617e3b1e07e14004/shm: invalid argument" 
time="2017-11-07T07:48:14.665031712-02:00" level=warning msg="Couldn't run auplink before unmount /var/lib/docker/tmp/docker-aufs-union058355111: exec: \"auplink\": executable file not found in $PATH" 
time="2017-11-07T07:48:14.677764830-02:00" level=warning msg="libcontainerd: client is out of sync, restore was called on a fully synced container (1cc36903723ae76e2be31631a581635e5fb679fd5d12c637a435a87a7b922d30)." 
time="2017-11-07T07:48:14.678546161-02:00" level=warning msg="libcontainerd: failed to retrieve container 1cc36903723ae76e2be31631a581635e5fb679fd5d12c637a435a87a7b922d30 state: rpc error: code = 2 desc = containerd: container not found" 
time="2017-11-07T07:48:14.678610033-02:00" level=warning msg="failed to cleanup ipc mounts:\nfailed to umount /var/lib/docker/containers/1cc36903723ae76e2be31631a581635e5fb679fd5d12c637a435a87a7b922d30/shm: invalid argument" 
time="2017-11-07T07:48:14.950033462-02:00" level=warning msg="Couldn't run auplink before unmount /var/lib/docker/aufs/mnt/007525a016d35c9a6937e05251791c1d686c9ed0db13fa95c552c5b5d6f1691c: exec: \"auplink\": executable file not found in $PATH" 
time="2017-11-07T07:48:15.032033045-02:00" level=warning msg="Couldn't run auplink before unmount /var/lib/docker/aufs/mnt/00a2a29bef2bb1ac341113086078a21d8e6d23c29152e9328efba223871903df: exec: \"auplink\": executable file not found in $PATH" 
time="2017-11-07T07:48:15.386100487-02:00" level=info msg="Firewalld running: false" 
time="2017-11-07T07:48:16.953227948-02:00" level=info msg="Removing stale sandbox 2cc347725e10c9e06acb8b3d4cca12191c25b47b0f67f3d3100d6a89fa45f780 (1cc36903723ae76e2be31631a581635e5fb679fd5d12c637a435a87a7b922d30)" 
time="2017-11-07T07:48:17.140351144-02:00" level=info msg="Removing stale sandbox 87fe23ebb25bc7100cef63c91cf0ccc0f59ae5ddb53e57dcd62fdedbc0d6df77 (6262c74f8a4cdd1a214ea1b93739190e0234dca20d576e05617e3b1e07e14004)" 
time="2017-11-07T07:48:17.617126984-02:00" level=info msg="Default bridge (docker0) is assigned with an IP address 172.17.0.0/16. Daemon option --bip can be used to set a preferred IP address" 
time="2017-11-07T07:48:17.787347542-02:00" level=info msg="Loading containers: done." 
time="2017-11-07T07:48:18.187254484-02:00" level=warning msg="failed to retrieve docker-init version: unknown output format: tini version 0.13.0\n" 
time="2017-11-07T07:48:18.197994739-02:00" level=info msg="Daemon has completed initialization" 
time="2017-11-07T07:48:18.198030434-02:00" level=info msg="Docker daemon" commit=092cba3 graphdriver=aufs version=1.13.1 
time="2017-11-07T07:48:18.347500674-02:00" level=info msg="API listen on /var/run/docker.sock" 
time="2017-11-07T07:48:18.347628684-02:00" level=info msg="API listen on [::]:2375" 
time="2017-11-07T07:48:24.656060325-02:00" level=warning msg="failed to retrieve docker-init version: unknown output format: tini version 0.13.0\n" 
time="2017-11-07T07:48:24.936494776-02:00" level=info msg="No non-localhost DNS nameservers are left in resolv.conf. Using default external servers: [nameserver 8.8.8.8 nameserver 8.8.4.4]" 
time="2017-11-07T07:48:24.936541442-02:00" level=info msg="IPv6 enabled; Adding default IPv6 external servers: [nameserver 2001:4860:4860::8888 nameserver 2001:4860:4860::8844]" 
time="2017-11-07T07:48:25-02:00" level=info msg="Firewalld running: false" 
time="2017-11-07T07:48:27.393048589-02:00" level=info msg="No non-localhost DNS nameservers are left in resolv.conf. Using default external servers: [nameserver 8.8.8.8 nameserver 8.8.4.4]" 
time="2017-11-07T07:48:27.393076637-02:00" level=info msg="IPv6 enabled; Adding default IPv6 external servers: [nameserver 2001:4860:4860::8888 nameserver 2001:4860:4860::8844]" 
time="2017-11-07T07:48:28-02:00" level=info msg="Firewalld running: false" 
